<?xml version="1.0" encoding="UTF-8"?>
<testng-results ignored="0" total="4" passed="4" failed="0" skipped="0">
  <reporter-output>
  </reporter-output>
  <suite started-at="2022-03-28T19:35:00 IST" name="Suite" finished-at="2022-03-28T19:35:00 IST" duration-ms="96">
    <groups>
    </groups>
    <test started-at="2022-03-28T19:35:00 IST" name="Test" finished-at="2022-03-28T19:35:00 IST" duration-ms="96">
      <class name="Textnglistener.Listnerproject.AppTest">
        <test-method signature="shouldAnswerWithTrue()[pri:0, instance:Textnglistener.Listnerproject.AppTest@4facf68f]" started-at="2022-03-28T19:35:00 IST" name="shouldAnswerWithTrue" finished-at="2022-03-28T19:35:00 IST" duration-ms="16" status="PASS">
          <reporter-output>
          </reporter-output>
        </test-method> <!-- shouldAnswerWithTrue -->
      </class> <!-- Textnglistener.Listnerproject.AppTest -->
      <class name="Textnglistener.Listnerproject.SampleTest">
        <test-method signature="method1()[pri:0, instance:Textnglistener.Listnerproject.SampleTest@c33b74f]" started-at="2022-03-28T19:35:00 IST" name="method1" finished-at="2022-03-28T19:35:00 IST" duration-ms="2" status="PASS">
          <reporter-output>
          </reporter-output>
        </test-method> <!-- method1 -->
        <test-method signature="method2()[pri:0, instance:Textnglistener.Listnerproject.SampleTest@c33b74f]" started-at="2022-03-28T19:35:00 IST" name="method2" finished-at="2022-03-28T19:35:00 IST" duration-ms="2" status="PASS">
          <reporter-output>
          </reporter-output>
        </test-method> <!-- method2 -->
        <test-method signature="method3()[pri:0, instance:Textnglistener.Listnerproject.SampleTest@c33b74f]" started-at="2022-03-28T19:35:00 IST" name="method3" finished-at="2022-03-28T19:35:00 IST" duration-ms="2" status="PASS">
          <reporter-output>
          </reporter-output>
        </test-method> <!-- method3 -->
      </class> <!-- Textnglistener.Listnerproject.SampleTest -->
    </test> <!-- Test -->
  </suite> <!-- Suite -->
</testng-results>
