<?xml version="1.0" encoding="UTF-8"?>
<!-- Generated by org.testng.reporters.JUnitXMLReporter -->
<testsuite ignored="0" hostname="DESKTOP-5V6VI5K" failures="0" tests="4" name="Test" time="0.096" errors="0" timestamp="2022-03-28T19:35:00 IST">
  <testcase classname="Textnglistener.Listnerproject.AppTest" name="shouldAnswerWithTrue" time="0.016"/>
  <testcase classname="Textnglistener.Listnerproject.SampleTest" name="method1" time="0.002"/>
  <testcase classname="Textnglistener.Listnerproject.SampleTest" name="method2" time="0.002"/>
  <testcase classname="Textnglistener.Listnerproject.SampleTest" name="method3" time="0.002"/>
</testsuite> <!-- Test -->
